<?xml version="1.0" encoding="UTF-8"?>
<testsuite xmlns:xsi="http://www.w3.org/2001/XMLSchema-instance" xsi:noNamespaceSchemaLocation="https://maven.apache.org/surefire/maven-surefire-plugin/xsd/surefire-test-report-3.0.xsd" version="3.0" name="org.example.AppTest" time="0.045" tests="1" errors="0" skipped="0" failures="0">
  <properties>
    <property name="java.specification.version" value="20"/>
    <property name="sun.jnu.encoding" value="UTF-8"/>
    <property name="java.class.path" value="/Users/samirlama/Desktop/Seli/target/test-classes:/Users/samirlama/Desktop/Seli/target/classes:/Users/samirlama/.m2/repository/junit/junit/4.13.2/junit-4.13.2.jar:/Users/samirlama/.m2/repository/org/hamcrest/hamcrest-core/1.3/hamcrest-core-1.3.jar:/Users/samirlama/.m2/repository/org/seleniumhq/selenium/selenium-java/4.9.0/selenium-java-4.9.0.jar:/Users/samirlama/.m2/repository/org/seleniumhq/selenium/selenium-api/4.9.0/selenium-api-4.9.0.jar:/Users/samirlama/.m2/repository/org/seleniumhq/selenium/selenium-devtools-v110/4.9.0/selenium-devtools-v110-4.9.0.jar:/Users/samirlama/.m2/repository/org/seleniumhq/selenium/selenium-devtools-v111/4.9.0/selenium-devtools-v111-4.9.0.jar:/Users/samirlama/.m2/repository/org/seleniumhq/selenium/selenium-devtools-v112/4.9.0/selenium-devtools-v112-4.9.0.jar:/Users/samirlama/.m2/repository/org/seleniumhq/selenium/selenium-devtools-v85/4.9.0/selenium-devtools-v85-4.9.0.jar:/Users/samirlama/.m2/repository/org/seleniumhq/selenium/selenium-edge-driver/4.9.0/selenium-edge-driver-4.9.0.jar:/Users/samirlama/.m2/repository/org/seleniumhq/selenium/selenium-manager/4.9.0/selenium-manager-4.9.0.jar:/Users/samirlama/.m2/repository/org/seleniumhq/selenium/selenium-firefox-driver/4.9.0/selenium-firefox-driver-4.9.0.jar:/Users/samirlama/.m2/repository/org/seleniumhq/selenium/selenium-http/4.9.0/selenium-http-4.9.0.jar:/Users/samirlama/.m2/repository/dev/failsafe/failsafe/3.3.1/failsafe-3.3.1.jar:/Users/samirlama/.m2/repository/org/seleniumhq/selenium/selenium-ie-driver/4.9.0/selenium-ie-driver-4.9.0.jar:/Users/samirlama/.m2/repository/org/seleniumhq/selenium/selenium-remote-driver/4.9.0/selenium-remote-driver-4.9.0.jar:/Users/samirlama/.m2/repository/com/beust/jcommander/1.82/jcommander-1.82.jar:/Users/samirlama/.m2/repository/io/netty/netty-buffer/4.1.91.Final/netty-buffer-4.1.91.Final.jar:/Users/samirlama/.m2/repository/io/netty/netty-codec-http/4.1.91.Final/netty-codec-http-4.1.91.Final.jar:/Users/samirlama/.m2/repository/io/netty/netty-codec/4.1.91.Final/netty-codec-4.1.91.Final.jar:/Users/samirlama/.m2/repository/io/netty/netty-handler/4.1.91.Final/netty-handler-4.1.91.Final.jar:/Users/samirlama/.m2/repository/io/netty/netty-common/4.1.91.Final/netty-common-4.1.91.Final.jar:/Users/samirlama/.m2/repository/io/netty/netty-transport-classes-epoll/4.1.91.Final/netty-transport-classes-epoll-4.1.91.Final.jar:/Users/samirlama/.m2/repository/io/netty/netty-transport-classes-kqueue/4.1.91.Final/netty-transport-classes-kqueue-4.1.91.Final.jar:/Users/samirlama/.m2/repository/io/netty/netty-transport-native-epoll/4.1.91.Final/netty-transport-native-epoll-4.1.91.Final.jar:/Users/samirlama/.m2/repository/io/netty/netty-transport-native-kqueue/4.1.91.Final/netty-transport-native-kqueue-4.1.91.Final.jar:/Users/samirlama/.m2/repository/io/netty/netty-transport-native-unix-common/4.1.91.Final/netty-transport-native-unix-common-4.1.91.Final.jar:/Users/samirlama/.m2/repository/io/netty/netty-transport/4.1.91.Final/netty-transport-4.1.91.Final.jar:/Users/samirlama/.m2/repository/io/netty/netty-resolver/4.1.91.Final/netty-resolver-4.1.91.Final.jar:/Users/samirlama/.m2/repository/io/opentelemetry/opentelemetry-api/1.25.0/opentelemetry-api-1.25.0.jar:/Users/samirlama/.m2/repository/io/opentelemetry/opentelemetry-context/1.25.0/opentelemetry-context-1.25.0.jar:/Users/samirlama/.m2/repository/io/opentelemetry/opentelemetry-exporter-logging/1.25.0/opentelemetry-exporter-logging-1.25.0.jar:/Users/samirlama/.m2/repository/io/opentelemetry/opentelemetry-sdk-metrics/1.25.0/opentelemetry-sdk-metrics-1.25.0.jar:/Users/samirlama/.m2/repository/io/opentelemetry/opentelemetry-sdk-logs/1.25.0-alpha/opentelemetry-sdk-logs-1.25.0-alpha.jar:/Users/samirlama/.m2/repository/io/opentelemetry/opentelemetry-api-logs/1.25.0-alpha/opentelemetry-api-logs-1.25.0-alpha.jar:/Users/samirlama/.m2/repository/io/opentelemetry/opentelemetry-api-events/1.25.0-alpha/opentelemetry-api-events-1.25.0-alpha.jar:/Users/samirlama/.m2/repository/io/opentelemetry/opentelemetry-sdk-common/1.25.0/opentelemetry-sdk-common-1.25.0.jar:/Users/samirlama/.m2/repository/io/opentelemetry/opentelemetry-sdk-extension-autoconfigure-spi/1.25.0/opentelemetry-sdk-extension-autoconfigure-spi-1.25.0.jar:/Users/samirlama/.m2/repository/io/opentelemetry/opentelemetry-sdk-extension-autoconfigure/1.25.0-alpha/opentelemetry-sdk-extension-autoconfigure-1.25.0-alpha.jar:/Users/samirlama/.m2/repository/io/opentelemetry/opentelemetry-sdk-trace/1.25.0/opentelemetry-sdk-trace-1.25.0.jar:/Users/samirlama/.m2/repository/io/opentelemetry/opentelemetry-sdk/1.25.0/opentelemetry-sdk-1.25.0.jar:/Users/samirlama/.m2/repository/io/opentelemetry/opentelemetry-semconv/1.25.0-alpha/opentelemetry-semconv-1.25.0-alpha.jar:/Users/samirlama/.m2/repository/io/ous/jtoml/2.0.0/jtoml-2.0.0.jar:/Users/samirlama/.m2/repository/net/bytebuddy/byte-buddy/1.14.4/byte-buddy-1.14.4.jar:/Users/samirlama/.m2/repository/org/apache/commons/commons-exec/1.3/commons-exec-1.3.jar:/Users/samirlama/.m2/repository/org/asynchttpclient/async-http-client/2.12.3/async-http-client-2.12.3.jar:/Users/samirlama/.m2/repository/org/asynchttpclient/async-http-client-netty-utils/2.12.3/async-http-client-netty-utils-2.12.3.jar:/Users/samirlama/.m2/repository/io/netty/netty-codec-socks/4.1.60.Final/netty-codec-socks-4.1.60.Final.jar:/Users/samirlama/.m2/repository/io/netty/netty-handler-proxy/4.1.60.Final/netty-handler-proxy-4.1.60.Final.jar:/Users/samirlama/.m2/repository/io/netty/netty-transport-native-epoll/4.1.60.Final/netty-transport-native-epoll-4.1.60.Final-linux-x86_64.jar:/Users/samirlama/.m2/repository/io/netty/netty-transport-native-kqueue/4.1.60.Final/netty-transport-native-kqueue-4.1.60.Final-osx-x86_64.jar:/Users/samirlama/.m2/repository/org/reactivestreams/reactive-streams/1.0.3/reactive-streams-1.0.3.jar:/Users/samirlama/.m2/repository/com/typesafe/netty/netty-reactive-streams/2.0.4/netty-reactive-streams-2.0.4.jar:/Users/samirlama/.m2/repository/org/slf4j/slf4j-api/1.7.30/slf4j-api-1.7.30.jar:/Users/samirlama/.m2/repository/com/sun/activation/jakarta.activation/1.2.2/jakarta.activation-1.2.2.jar:/Users/samirlama/.m2/repository/org/seleniumhq/selenium/selenium-safari-driver/4.9.0/selenium-safari-driver-4.9.0.jar:/Users/samirlama/.m2/repository/org/seleniumhq/selenium/selenium-support/4.9.0/selenium-support-4.9.0.jar:/Users/samirlama/.m2/repository/org/seleniumhq/selenium/selenium-chrome-driver/4.8.1/selenium-chrome-driver-4.8.1.jar:/Users/samirlama/.m2/repository/com/google/auto/service/auto-service-annotations/1.0.1/auto-service-annotations-1.0.1.jar:/Users/samirlama/.m2/repository/com/google/auto/service/auto-service/1.0.1/auto-service-1.0.1.jar:/Users/samirlama/.m2/repository/com/google/auto/auto-common/1.2/auto-common-1.2.jar:/Users/samirlama/.m2/repository/com/google/guava/guava/31.1-jre/guava-31.1-jre.jar:/Users/samirlama/.m2/repository/com/google/guava/failureaccess/1.0.1/failureaccess-1.0.1.jar:/Users/samirlama/.m2/repository/com/google/guava/listenablefuture/9999.0-empty-to-avoid-conflict-with-guava/listenablefuture-9999.0-empty-to-avoid-conflict-with-guava.jar:/Users/samirlama/.m2/repository/com/google/code/findbugs/jsr305/3.0.2/jsr305-3.0.2.jar:/Users/samirlama/.m2/repository/org/checkerframework/checker-qual/3.12.0/checker-qual-3.12.0.jar:/Users/samirlama/.m2/repository/com/google/errorprone/error_prone_annotations/2.11.0/error_prone_annotations-2.11.0.jar:/Users/samirlama/.m2/repository/com/google/j2objc/j2objc-annotations/1.3/j2objc-annotations-1.3.jar:/Users/samirlama/.m2/repository/org/seleniumhq/selenium/selenium-chromium-driver/4.8.1/selenium-chromium-driver-4.8.1.jar:/Users/samirlama/.m2/repository/org/seleniumhq/selenium/selenium-json/4.8.1/selenium-json-4.8.1.jar:/Users/samirlama/.m2/repository/io/cucumber/cucumber-java/7.11.2/cucumber-java-7.11.2.jar:/Users/samirlama/.m2/repository/io/cucumber/cucumber-core/7.11.2/cucumber-core-7.11.2.jar:/Users/samirlama/.m2/repository/io/cucumber/cucumber-gherkin/7.11.2/cucumber-gherkin-7.11.2.jar:/Users/samirlama/.m2/repository/io/cucumber/cucumber-gherkin-messages/7.11.2/cucumber-gherkin-messages-7.11.2.jar:/Users/samirlama/.m2/repository/io/cucumber/gherkin/26.0.3/gherkin-26.0.3.jar:/Users/samirlama/.m2/repository/io/cucumber/messages/21.0.1/messages-21.0.1.jar:/Users/samirlama/.m2/repository/io/cucumber/tag-expressions/5.0.1/tag-expressions-5.0.1.jar:/Users/samirlama/.m2/repository/io/cucumber/cucumber-expressions/16.1.2/cucumber-expressions-16.1.2.jar:/Users/samirlama/.m2/repository/io/cucumber/datatable/7.11.2/datatable-7.11.2.jar:/Users/samirlama/.m2/repository/io/cucumber/cucumber-plugin/7.11.2/cucumber-plugin-7.11.2.jar:/Users/samirlama/.m2/repository/io/cucumber/docstring/7.11.2/docstring-7.11.2.jar:/Users/samirlama/.m2/repository/io/cucumber/html-formatter/20.2.1/html-formatter-20.2.1.jar:/Users/samirlama/.m2/repository/io/cucumber/junit-xml-formatter/0.1.0/junit-xml-formatter-0.1.0.jar:/Users/samirlama/.m2/repository/io/cucumber/ci-environment/9.1.0/ci-environment-9.1.0.jar:/Users/samirlama/.m2/repository/org/apiguardian/apiguardian-api/1.1.2/apiguardian-api-1.1.2.jar:/Users/samirlama/.m2/repository/io/cucumber/cucumber-junit/7.11.2/cucumber-junit-7.11.2.jar:"/>
    <property name="java.vm.vendor" value="Homebrew"/>
    <property name="sun.arch.data.model" value="64"/>
    <property name="java.vendor.url" value="https://github.com/Homebrew/homebrew-core/issues"/>
    <property name="user.timezone" value="Asia/Kathmandu"/>
    <property name="os.name" value="Mac OS X"/>
    <property name="java.vm.specification.version" value="20"/>
    <property name="sun.java.launcher" value="SUN_STANDARD"/>
    <property name="user.country" value="US"/>
    <property name="sun.boot.library.path" value="/usr/local/Cellar/openjdk/20/libexec/openjdk.jdk/Contents/Home/lib"/>
    <property name="sun.java.command" value="/Users/samirlama/Desktop/Seli/target/surefire/surefirebooter-20230430103939363_3.jar /Users/samirlama/Desktop/Seli/target/surefire 2023-04-30T10-39-38_452-jvmRun1 surefire-20230430103939363_1tmp surefire_0-20230430103939363_2tmp"/>
    <property name="http.nonProxyHosts" value="local|*.local|169.254/16|*.169.254/16"/>
    <property name="jdk.debug" value="release"/>
    <property name="surefire.test.class.path" value="/Users/samirlama/Desktop/Seli/target/test-classes:/Users/samirlama/Desktop/Seli/target/classes:/Users/samirlama/.m2/repository/junit/junit/4.13.2/junit-4.13.2.jar:/Users/samirlama/.m2/repository/org/hamcrest/hamcrest-core/1.3/hamcrest-core-1.3.jar:/Users/samirlama/.m2/repository/org/seleniumhq/selenium/selenium-java/4.9.0/selenium-java-4.9.0.jar:/Users/samirlama/.m2/repository/org/seleniumhq/selenium/selenium-api/4.9.0/selenium-api-4.9.0.jar:/Users/samirlama/.m2/repository/org/seleniumhq/selenium/selenium-devtools-v110/4.9.0/selenium-devtools-v110-4.9.0.jar:/Users/samirlama/.m2/repository/org/seleniumhq/selenium/selenium-devtools-v111/4.9.0/selenium-devtools-v111-4.9.0.jar:/Users/samirlama/.m2/repository/org/seleniumhq/selenium/selenium-devtools-v112/4.9.0/selenium-devtools-v112-4.9.0.jar:/Users/samirlama/.m2/repository/org/seleniumhq/selenium/selenium-devtools-v85/4.9.0/selenium-devtools-v85-4.9.0.jar:/Users/samirlama/.m2/repository/org/seleniumhq/selenium/selenium-edge-driver/4.9.0/selenium-edge-driver-4.9.0.jar:/Users/samirlama/.m2/repository/org/seleniumhq/selenium/selenium-manager/4.9.0/selenium-manager-4.9.0.jar:/Users/samirlama/.m2/repository/org/seleniumhq/selenium/selenium-firefox-driver/4.9.0/selenium-firefox-driver-4.9.0.jar:/Users/samirlama/.m2/repository/org/seleniumhq/selenium/selenium-http/4.9.0/selenium-http-4.9.0.jar:/Users/samirlama/.m2/repository/dev/failsafe/failsafe/3.3.1/failsafe-3.3.1.jar:/Users/samirlama/.m2/repository/org/seleniumhq/selenium/selenium-ie-driver/4.9.0/selenium-ie-driver-4.9.0.jar:/Users/samirlama/.m2/repository/org/seleniumhq/selenium/selenium-remote-driver/4.9.0/selenium-remote-driver-4.9.0.jar:/Users/samirlama/.m2/repository/com/beust/jcommander/1.82/jcommander-1.82.jar:/Users/samirlama/.m2/repository/io/netty/netty-buffer/4.1.91.Final/netty-buffer-4.1.91.Final.jar:/Users/samirlama/.m2/repository/io/netty/netty-codec-http/4.1.91.Final/netty-codec-http-4.1.91.Final.jar:/Users/samirlama/.m2/repository/io/netty/netty-codec/4.1.91.Final/netty-codec-4.1.91.Final.jar:/Users/samirlama/.m2/repository/io/netty/netty-handler/4.1.91.Final/netty-handler-4.1.91.Final.jar:/Users/samirlama/.m2/repository/io/netty/netty-common/4.1.91.Final/netty-common-4.1.91.Final.jar:/Users/samirlama/.m2/repository/io/netty/netty-transport-classes-epoll/4.1.91.Final/netty-transport-classes-epoll-4.1.91.Final.jar:/Users/samirlama/.m2/repository/io/netty/netty-transport-classes-kqueue/4.1.91.Final/netty-transport-classes-kqueue-4.1.91.Final.jar:/Users/samirlama/.m2/repository/io/netty/netty-transport-native-epoll/4.1.91.Final/netty-transport-native-epoll-4.1.91.Final.jar:/Users/samirlama/.m2/repository/io/netty/netty-transport-native-kqueue/4.1.91.Final/netty-transport-native-kqueue-4.1.91.Final.jar:/Users/samirlama/.m2/repository/io/netty/netty-transport-native-unix-common/4.1.91.Final/netty-transport-native-unix-common-4.1.91.Final.jar:/Users/samirlama/.m2/repository/io/netty/netty-transport/4.1.91.Final/netty-transport-4.1.91.Final.jar:/Users/samirlama/.m2/repository/io/netty/netty-resolver/4.1.91.Final/netty-resolver-4.1.91.Final.jar:/Users/samirlama/.m2/repository/io/opentelemetry/opentelemetry-api/1.25.0/opentelemetry-api-1.25.0.jar:/Users/samirlama/.m2/repository/io/opentelemetry/opentelemetry-context/1.25.0/opentelemetry-context-1.25.0.jar:/Users/samirlama/.m2/repository/io/opentelemetry/opentelemetry-exporter-logging/1.25.0/opentelemetry-exporter-logging-1.25.0.jar:/Users/samirlama/.m2/repository/io/opentelemetry/opentelemetry-sdk-metrics/1.25.0/opentelemetry-sdk-metrics-1.25.0.jar:/Users/samirlama/.m2/repository/io/opentelemetry/opentelemetry-sdk-logs/1.25.0-alpha/opentelemetry-sdk-logs-1.25.0-alpha.jar:/Users/samirlama/.m2/repository/io/opentelemetry/opentelemetry-api-logs/1.25.0-alpha/opentelemetry-api-logs-1.25.0-alpha.jar:/Users/samirlama/.m2/repository/io/opentelemetry/opentelemetry-api-events/1.25.0-alpha/opentelemetry-api-events-1.25.0-alpha.jar:/Users/samirlama/.m2/repository/io/opentelemetry/opentelemetry-sdk-common/1.25.0/opentelemetry-sdk-common-1.25.0.jar:/Users/samirlama/.m2/repository/io/opentelemetry/opentelemetry-sdk-extension-autoconfigure-spi/1.25.0/opentelemetry-sdk-extension-autoconfigure-spi-1.25.0.jar:/Users/samirlama/.m2/repository/io/opentelemetry/opentelemetry-sdk-extension-autoconfigure/1.25.0-alpha/opentelemetry-sdk-extension-autoconfigure-1.25.0-alpha.jar:/Users/samirlama/.m2/repository/io/opentelemetry/opentelemetry-sdk-trace/1.25.0/opentelemetry-sdk-trace-1.25.0.jar:/Users/samirlama/.m2/repository/io/opentelemetry/opentelemetry-sdk/1.25.0/opentelemetry-sdk-1.25.0.jar:/Users/samirlama/.m2/repository/io/opentelemetry/opentelemetry-semconv/1.25.0-alpha/opentelemetry-semconv-1.25.0-alpha.jar:/Users/samirlama/.m2/repository/io/ous/jtoml/2.0.0/jtoml-2.0.0.jar:/Users/samirlama/.m2/repository/net/bytebuddy/byte-buddy/1.14.4/byte-buddy-1.14.4.jar:/Users/samirlama/.m2/repository/org/apache/commons/commons-exec/1.3/commons-exec-1.3.jar:/Users/samirlama/.m2/repository/org/asynchttpclient/async-http-client/2.12.3/async-http-client-2.12.3.jar:/Users/samirlama/.m2/repository/org/asynchttpclient/async-http-client-netty-utils/2.12.3/async-http-client-netty-utils-2.12.3.jar:/Users/samirlama/.m2/repository/io/netty/netty-codec-socks/4.1.60.Final/netty-codec-socks-4.1.60.Final.jar:/Users/samirlama/.m2/repository/io/netty/netty-handler-proxy/4.1.60.Final/netty-handler-proxy-4.1.60.Final.jar:/Users/samirlama/.m2/repository/io/netty/netty-transport-native-epoll/4.1.60.Final/netty-transport-native-epoll-4.1.60.Final-linux-x86_64.jar:/Users/samirlama/.m2/repository/io/netty/netty-transport-native-kqueue/4.1.60.Final/netty-transport-native-kqueue-4.1.60.Final-osx-x86_64.jar:/Users/samirlama/.m2/repository/org/reactivestreams/reactive-streams/1.0.3/reactive-streams-1.0.3.jar:/Users/samirlama/.m2/repository/com/typesafe/netty/netty-reactive-streams/2.0.4/netty-reactive-streams-2.0.4.jar:/Users/samirlama/.m2/repository/org/slf4j/slf4j-api/1.7.30/slf4j-api-1.7.30.jar:/Users/samirlama/.m2/repository/com/sun/activation/jakarta.activation/1.2.2/jakarta.activation-1.2.2.jar:/Users/samirlama/.m2/repository/org/seleniumhq/selenium/selenium-safari-driver/4.9.0/selenium-safari-driver-4.9.0.jar:/Users/samirlama/.m2/repository/org/seleniumhq/selenium/selenium-support/4.9.0/selenium-support-4.9.0.jar:/Users/samirlama/.m2/repository/org/seleniumhq/selenium/selenium-chrome-driver/4.8.1/selenium-chrome-driver-4.8.1.jar:/Users/samirlama/.m2/repository/com/google/auto/service/auto-service-annotations/1.0.1/auto-service-annotations-1.0.1.jar:/Users/samirlama/.m2/repository/com/google/auto/service/auto-service/1.0.1/auto-service-1.0.1.jar:/Users/samirlama/.m2/repository/com/google/auto/auto-common/1.2/auto-common-1.2.jar:/Users/samirlama/.m2/repository/com/google/guava/guava/31.1-jre/guava-31.1-jre.jar:/Users/samirlama/.m2/repository/com/google/guava/failureaccess/1.0.1/failureaccess-1.0.1.jar:/Users/samirlama/.m2/repository/com/google/guava/listenablefuture/9999.0-empty-to-avoid-conflict-with-guava/listenablefuture-9999.0-empty-to-avoid-conflict-with-guava.jar:/Users/samirlama/.m2/repository/com/google/code/findbugs/jsr305/3.0.2/jsr305-3.0.2.jar:/Users/samirlama/.m2/repository/org/checkerframework/checker-qual/3.12.0/checker-qual-3.12.0.jar:/Users/samirlama/.m2/repository/com/google/errorprone/error_prone_annotations/2.11.0/error_prone_annotations-2.11.0.jar:/Users/samirlama/.m2/repository/com/google/j2objc/j2objc-annotations/1.3/j2objc-annotations-1.3.jar:/Users/samirlama/.m2/repository/org/seleniumhq/selenium/selenium-chromium-driver/4.8.1/selenium-chromium-driver-4.8.1.jar:/Users/samirlama/.m2/repository/org/seleniumhq/selenium/selenium-json/4.8.1/selenium-json-4.8.1.jar:/Users/samirlama/.m2/repository/io/cucumber/cucumber-java/7.11.2/cucumber-java-7.11.2.jar:/Users/samirlama/.m2/repository/io/cucumber/cucumber-core/7.11.2/cucumber-core-7.11.2.jar:/Users/samirlama/.m2/repository/io/cucumber/cucumber-gherkin/7.11.2/cucumber-gherkin-7.11.2.jar:/Users/samirlama/.m2/repository/io/cucumber/cucumber-gherkin-messages/7.11.2/cucumber-gherkin-messages-7.11.2.jar:/Users/samirlama/.m2/repository/io/cucumber/gherkin/26.0.3/gherkin-26.0.3.jar:/Users/samirlama/.m2/repository/io/cucumber/messages/21.0.1/messages-21.0.1.jar:/Users/samirlama/.m2/repository/io/cucumber/tag-expressions/5.0.1/tag-expressions-5.0.1.jar:/Users/samirlama/.m2/repository/io/cucumber/cucumber-expressions/16.1.2/cucumber-expressions-16.1.2.jar:/Users/samirlama/.m2/repository/io/cucumber/datatable/7.11.2/datatable-7.11.2.jar:/Users/samirlama/.m2/repository/io/cucumber/cucumber-plugin/7.11.2/cucumber-plugin-7.11.2.jar:/Users/samirlama/.m2/repository/io/cucumber/docstring/7.11.2/docstring-7.11.2.jar:/Users/samirlama/.m2/repository/io/cucumber/html-formatter/20.2.1/html-formatter-20.2.1.jar:/Users/samirlama/.m2/repository/io/cucumber/junit-xml-formatter/0.1.0/junit-xml-formatter-0.1.0.jar:/Users/samirlama/.m2/repository/io/cucumber/ci-environment/9.1.0/ci-environment-9.1.0.jar:/Users/samirlama/.m2/repository/org/apiguardian/apiguardian-api/1.1.2/apiguardian-api-1.1.2.jar:/Users/samirlama/.m2/repository/io/cucumber/cucumber-junit/7.11.2/cucumber-junit-7.11.2.jar:"/>
    <property name="sun.cpu.endian" value="little"/>
    <property name="user.home" value="/Users/samirlama"/>
    <property name="user.language" value="en"/>
    <property name="java.specification.vendor" value="Oracle Corporation"/>
    <property name="java.version.date" value="2023-03-21"/>
    <property name="java.home" value="/usr/local/Cellar/openjdk/20/libexec/openjdk.jdk/Contents/Home"/>
    <property name="file.separator" value="/"/>
    <property name="basedir" value="/Users/samirlama/Desktop/Seli"/>
    <property name="java.vm.compressedOopsMode" value="Zero based"/>
    <property name="line.separator" value="&#10;"/>
    <property name="java.vm.specification.vendor" value="Oracle Corporation"/>
    <property name="java.specification.name" value="Java Platform API Specification"/>
    <property name="apple.awt.application.name" value="ForkedBooter"/>
    <property name="surefire.real.class.path" value="/Users/samirlama/Desktop/Seli/target/surefire/surefirebooter-20230430103939363_3.jar"/>
    <property name="sun.management.compiler" value="HotSpot 64-Bit Tiered Compilers"/>
    <property name="ftp.nonProxyHosts" value="local|*.local|169.254/16|*.169.254/16"/>
    <property name="java.runtime.version" value="20"/>
    <property name="user.name" value="samirlama"/>
    <property name="stdout.encoding" value="UTF-8"/>
    <property name="path.separator" value=":"/>
    <property name="os.version" value="13.3.1"/>
    <property name="java.runtime.name" value="OpenJDK Runtime Environment"/>
    <property name="file.encoding" value="UTF-8"/>
    <property name="java.vm.name" value="OpenJDK 64-Bit Server VM"/>
    <property name="java.vendor.version" value="Homebrew"/>
    <property name="localRepository" value="/Users/samirlama/.m2/repository"/>
    <property name="java.vendor.url.bug" value="https://github.com/Homebrew/homebrew-core/issues"/>
    <property name="java.io.tmpdir" value="/var/folders/6l/xjhj859d2klgptw0jn5p40d00000gn/T/"/>
    <property name="java.version" value="20"/>
    <property name="user.dir" value="/Users/samirlama/Desktop/Seli"/>
    <property name="os.arch" value="x86_64"/>
    <property name="java.vm.specification.name" value="Java Virtual Machine Specification"/>
    <property name="native.encoding" value="UTF-8"/>
    <property name="java.library.path" value="/Users/samirlama/Library/Java/Extensions:/Library/Java/Extensions:/Network/Library/Java/Extensions:/System/Library/Java/Extensions:/usr/lib/java:."/>
    <property name="java.vm.info" value="mixed mode, sharing"/>
    <property name="stderr.encoding" value="UTF-8"/>
    <property name="java.vendor" value="Homebrew"/>
    <property name="java.vm.version" value="20"/>
    <property name="sun.io.unicode.encoding" value="UnicodeBig"/>
    <property name="socksNonProxyHosts" value="local|*.local|169.254/16|*.169.254/16"/>
    <property name="java.class.version" value="64.0"/>
  </properties>
  <testcase name="testApp" classname="org.example.AppTest" time="0.006"/>
</testsuite>